{"/Users/surabhikota/Codes/my-app/src/App.tsx": {"path":"/Users/surabhikota/Codes/my-app/src/App.tsx","statementMap":{"0":{"start":{"line":12,"column":2},"end":{"line":33,"column":4}}},"fnMap":{"0":{"name":"App","decl":{"start":{"line":11,"column":9},"end":{"line":11,"column":12}},"loc":{"start":{"line":11,"column":15},"end":{"line":34,"column":1}},"line":11}},"branchMap":{},"s":{"0":1},"f":{"0":1},"b":{},"_coverageSchema":"1a1c01bbd47fc00a2c39e90264f33305004495a9","hash":"0537ac003b277a226ace05acdd0c6b1305b24266"}
,"/Users/surabhikota/Codes/my-app/src/api/ReposApi.tsx": {"path":"/Users/surabhikota/Codes/my-app/src/api/ReposApi.tsx","statementMap":{"0":{"start":{"line":3,"column":16},"end":{"line":3,"column":40}},"1":{"start":{"line":5,"column":27},"end":{"line":8,"column":1}},"2":{"start":{"line":6,"column":14},"end":{"line":6,"column":83}},"3":{"start":{"line":7,"column":4},"end":{"line":7,"column":31}},"4":{"start":{"line":10,"column":26},"end":{"line":13,"column":1}},"5":{"start":{"line":11,"column":14},"end":{"line":11,"column":73}},"6":{"start":{"line":12,"column":4},"end":{"line":12,"column":31}}},"fnMap":{"0":{"name":"(anonymous_0)","decl":{"start":{"line":5,"column":27},"end":{"line":5,"column":28}},"loc":{"start":{"line":5,"column":71},"end":{"line":8,"column":1}},"line":5},"1":{"name":"(anonymous_1)","decl":{"start":{"line":10,"column":26},"end":{"line":10,"column":27}},"loc":{"start":{"line":10,"column":70},"end":{"line":13,"column":1}},"line":10}},"branchMap":{},"s":{"0":1,"1":1,"2":0,"3":0,"4":1,"5":0,"6":0},"f":{"0":0,"1":0},"b":{},"_coverageSchema":"1a1c01bbd47fc00a2c39e90264f33305004495a9","hash":"a7d16fc1482c5f03f522fe28d335dd54df83c390"}
,"/Users/surabhikota/Codes/my-app/src/api/UsersApi.tsx": {"path":"/Users/surabhikota/Codes/my-app/src/api/UsersApi.tsx","statementMap":{"0":{"start":{"line":3,"column":16},"end":{"line":3,"column":40}},"1":{"start":{"line":5,"column":20},"end":{"line":11,"column":1}},"2":{"start":{"line":6,"column":14},"end":{"line":6,"column":39}},"3":{"start":{"line":7,"column":4},"end":{"line":9,"column":5}},"4":{"start":{"line":8,"column":8},"end":{"line":8,"column":74}},"5":{"start":{"line":10,"column":4},"end":{"line":10,"column":31}},"6":{"start":{"line":13,"column":21},"end":{"line":16,"column":1}},"7":{"start":{"line":14,"column":14},"end":{"line":14,"column":50}},"8":{"start":{"line":15,"column":4},"end":{"line":15,"column":31}}},"fnMap":{"0":{"name":"(anonymous_0)","decl":{"start":{"line":5,"column":20},"end":{"line":5,"column":21}},"loc":{"start":{"line":5,"column":98},"end":{"line":11,"column":1}},"line":5},"1":{"name":"(anonymous_1)","decl":{"start":{"line":13,"column":21},"end":{"line":13,"column":22}},"loc":{"start":{"line":13,"column":49},"end":{"line":16,"column":1}},"line":13}},"branchMap":{"0":{"loc":{"start":{"line":5,"column":47},"end":{"line":5,"column":69}},"type":"default-arg","locations":[{"start":{"line":5,"column":68},"end":{"line":5,"column":69}}],"line":5},"1":{"loc":{"start":{"line":5,"column":71},"end":{"line":5,"column":93}},"type":"default-arg","locations":[{"start":{"line":5,"column":91},"end":{"line":5,"column":93}}],"line":5},"2":{"loc":{"start":{"line":7,"column":4},"end":{"line":9,"column":5}},"type":"if","locations":[{"start":{"line":7,"column":4},"end":{"line":9,"column":5}},{"start":{"line":7,"column":4},"end":{"line":9,"column":5}}],"line":7}},"s":{"0":1,"1":1,"2":0,"3":0,"4":0,"5":0,"6":1,"7":0,"8":0},"f":{"0":0,"1":0},"b":{"0":[0],"1":[0],"2":[0,0]},"_coverageSchema":"1a1c01bbd47fc00a2c39e90264f33305004495a9","hash":"d4b8a17896b591f2a6806c27ad5b8fe1bdd9e26c"}
,"/Users/surabhikota/Codes/my-app/src/modules/common/components/button/Button.tsx": {"path":"/Users/surabhikota/Codes/my-app/src/modules/common/components/button/Button.tsx","statementMap":{"0":{"start":{"line":23,"column":38},"end":{"line":38,"column":1}},"1":{"start":{"line":29,"column":4},"end":{"line":37,"column":6}},"2":{"start":{"line":40,"column":0},"end":{"line":57,"column":2}},"3":{"start":{"line":59,"column":0},"end":{"line":62,"column":2}}},"fnMap":{"0":{"name":"(anonymous_0)","decl":{"start":{"line":23,"column":38},"end":{"line":23,"column":39}},"loc":{"start":{"line":28,"column":6},"end":{"line":38,"column":1}},"line":28}},"branchMap":{"0":{"loc":{"start":{"line":26,"column":4},"end":{"line":26,"column":20}},"type":"default-arg","locations":[{"start":{"line":26,"column":15},"end":{"line":26,"column":20}}],"line":26}},"s":{"0":4,"1":6,"2":4,"3":4},"f":{"0":6},"b":{"0":[0]},"_coverageSchema":"1a1c01bbd47fc00a2c39e90264f33305004495a9","hash":"b5356006a04fb0e601f515452171280a9f4ae0b8"}
,"/Users/surabhikota/Codes/my-app/src/modules/common/components/cards/CardView.tsx": {"path":"/Users/surabhikota/Codes/my-app/src/modules/common/components/cards/CardView.tsx","statementMap":{"0":{"start":{"line":11,"column":8},"end":{"line":11,"column":13}},"1":{"start":{"line":15,"column":8},"end":{"line":15,"column":32}},"2":{"start":{"line":16,"column":8},"end":{"line":16,"column":31}},"3":{"start":{"line":17,"column":8},"end":{"line":17,"column":36}},"4":{"start":{"line":22,"column":8},"end":{"line":39,"column":9}},"5":{"start":{"line":25,"column":16},"end":{"line":25,"column":59}},"6":{"start":{"line":27,"column":16},"end":{"line":32,"column":18}},"7":{"start":{"line":30,"column":62},"end":{"line":30,"column":93}},"8":{"start":{"line":34,"column":16},"end":{"line":34,"column":77}},"9":{"start":{"line":36,"column":16},"end":{"line":36,"column":76}},"10":{"start":{"line":38,"column":16},"end":{"line":38,"column":23}},"11":{"start":{"line":44,"column":8},"end":{"line":49,"column":10}},"12":{"start":{"line":52,"column":4},"end":{"line":69,"column":5}},"13":{"start":{"line":53,"column":82},"end":{"line":53,"column":103}},"14":{"start":{"line":61,"column":16},"end":{"line":66,"column":17}}},"fnMap":{"0":{"name":"CardView","decl":{"start":{"line":5,"column":24},"end":{"line":5,"column":32}},"loc":{"start":{"line":5,"column":47},"end":{"line":70,"column":1}},"line":5},"1":{"name":"handleRedirection","decl":{"start":{"line":14,"column":13},"end":{"line":14,"column":30}},"loc":{"start":{"line":14,"column":70},"end":{"line":18,"column":5}},"line":14},"2":{"name":"getValueBasedOnType","decl":{"start":{"line":21,"column":13},"end":{"line":21,"column":32}},"loc":{"start":{"line":21,"column":57},"end":{"line":40,"column":5}},"line":21},"3":{"name":"(anonymous_3)","decl":{"start":{"line":30,"column":33},"end":{"line":30,"column":34}},"loc":{"start":{"line":30,"column":62},"end":{"line":30,"column":93}},"line":30},"4":{"name":"getFieldElement","decl":{"start":{"line":43,"column":13},"end":{"line":43,"column":28}},"loc":{"start":{"line":43,"column":57},"end":{"line":50,"column":5}},"line":43},"5":{"name":"(anonymous_5)","decl":{"start":{"line":53,"column":76},"end":{"line":53,"column":77}},"loc":{"start":{"line":53,"column":82},"end":{"line":53,"column":103}},"line":53},"6":{"name":"(anonymous_6)","decl":{"start":{"line":60,"column":24},"end":{"line":60,"column":25}},"loc":{"start":{"line":60,"column":55},"end":{"line":67,"column":13}},"line":60}},"branchMap":{"0":{"loc":{"start":{"line":22,"column":8},"end":{"line":39,"column":9}},"type":"switch","locations":[{"start":{"line":23,"column":12},"end":{"line":23,"column":24}},{"start":{"line":24,"column":12},"end":{"line":25,"column":59}},{"start":{"line":26,"column":12},"end":{"line":32,"column":18}},{"start":{"line":33,"column":12},"end":{"line":34,"column":77}},{"start":{"line":35,"column":12},"end":{"line":36,"column":76}},{"start":{"line":37,"column":12},"end":{"line":38,"column":23}}],"line":22},"1":{"loc":{"start":{"line":36,"column":53},"end":{"line":36,"column":73}},"type":"cond-expr","locations":[{"start":{"line":36,"column":61},"end":{"line":36,"column":66}},{"start":{"line":36,"column":69},"end":{"line":36,"column":73}}],"line":36},"2":{"loc":{"start":{"line":47,"column":57},"end":{"line":47,"column":69}},"type":"binary-expr","locations":[{"start":{"line":47,"column":57},"end":{"line":47,"column":62}},{"start":{"line":47,"column":66},"end":{"line":47,"column":69}}],"line":47},"3":{"loc":{"start":{"line":54,"column":13},"end":{"line":57,"column":22}},"type":"binary-expr","locations":[{"start":{"line":54,"column":13},"end":{"line":54,"column":23}},{"start":{"line":55,"column":16},"end":{"line":57,"column":22}}],"line":54}},"s":{"0":4,"1":0,"2":0,"3":0,"4":12,"5":6,"6":2,"7":0,"8":0,"9":2,"10":2,"11":8,"12":4,"13":1,"14":12},"f":{"0":4,"1":0,"2":12,"3":0,"4":8,"5":1,"6":12},"b":{"0":[6,6,2,0,2,2],"1":[0,2],"2":[8,2],"3":[4,4]},"_coverageSchema":"1a1c01bbd47fc00a2c39e90264f33305004495a9","hash":"042429fc918d31bf6163b616e5be0d243a96a912"}
,"/Users/surabhikota/Codes/my-app/src/modules/common/components/cards/CardViewLoader.tsx": {"path":"/Users/surabhikota/Codes/my-app/src/modules/common/components/cards/CardViewLoader.tsx","statementMap":{"0":{"start":{"line":4,"column":4},"end":{"line":27,"column":6}},"1":{"start":{"line":8,"column":20},"end":{"line":23,"column":21}}},"fnMap":{"0":{"name":"CardViewLoader","decl":{"start":{"line":3,"column":24},"end":{"line":3,"column":38}},"loc":{"start":{"line":3,"column":41},"end":{"line":28,"column":1}},"line":3},"1":{"name":"(anonymous_1)","decl":{"start":{"line":7,"column":38},"end":{"line":7,"column":39}},"loc":{"start":{"line":7,"column":68},"end":{"line":24,"column":17}},"line":7}},"branchMap":{},"s":{"0":1,"1":5},"f":{"0":1,"1":5},"b":{},"_coverageSchema":"1a1c01bbd47fc00a2c39e90264f33305004495a9","hash":"aa395ebc4ba68c3cd4992ed20e6f48010ba7a2d1"}
,"/Users/surabhikota/Codes/my-app/src/modules/common/components/header/Header.tsx": {"path":"/Users/surabhikota/Codes/my-app/src/modules/common/components/header/Header.tsx","statementMap":{"0":{"start":{"line":7,"column":20},"end":{"line":7,"column":32}},"1":{"start":{"line":10,"column":8},"end":{"line":12,"column":11}},"2":{"start":{"line":15,"column":4},"end":{"line":23,"column":6}}},"fnMap":{"0":{"name":"Header","decl":{"start":{"line":6,"column":24},"end":{"line":6,"column":30}},"loc":{"start":{"line":6,"column":33},"end":{"line":24,"column":1}},"line":6},"1":{"name":"_redirectToHomepage","decl":{"start":{"line":9,"column":13},"end":{"line":9,"column":32}},"loc":{"start":{"line":9,"column":35},"end":{"line":13,"column":5}},"line":9}},"branchMap":{},"s":{"0":2,"1":0,"2":2},"f":{"0":2,"1":0},"b":{},"_coverageSchema":"1a1c01bbd47fc00a2c39e90264f33305004495a9","hash":"b77b9112dbea5a34ad894fa8c1180219fd6be9ae"}
,"/Users/surabhikota/Codes/my-app/src/modules/common/components/text-field/TextField.tsx": {"path":"/Users/surabhikota/Codes/my-app/src/modules/common/components/text-field/TextField.tsx","statementMap":{"0":{"start":{"line":51,"column":44},"end":{"line":97,"column":1}},"1":{"start":{"line":64,"column":22},"end":{"line":64,"column":36}},"2":{"start":{"line":65,"column":8},"end":{"line":67,"column":9}},"3":{"start":{"line":66,"column":12},"end":{"line":66,"column":26}},"4":{"start":{"line":68,"column":8},"end":{"line":70,"column":9}},"5":{"start":{"line":69,"column":12},"end":{"line":69,"column":27}},"6":{"start":{"line":74,"column":8},"end":{"line":78,"column":9}},"7":{"start":{"line":75,"column":12},"end":{"line":77,"column":13}},"8":{"start":{"line":76,"column":16},"end":{"line":76,"column":33}},"9":{"start":{"line":81,"column":4},"end":{"line":96,"column":6}},"10":{"start":{"line":99,"column":0},"end":{"line":107,"column":2}},"11":{"start":{"line":110,"column":0},"end":{"line":115,"column":2}}},"fnMap":{"0":{"name":"(anonymous_0)","decl":{"start":{"line":51,"column":44},"end":{"line":51,"column":45}},"loc":{"start":{"line":62,"column":6},"end":{"line":97,"column":1}},"line":62},"1":{"name":"_handleChange","decl":{"start":{"line":63,"column":13},"end":{"line":63,"column":26}},"loc":{"start":{"line":63,"column":67},"end":{"line":71,"column":5}},"line":63},"2":{"name":"_handledKeyDown","decl":{"start":{"line":73,"column":13},"end":{"line":73,"column":28}},"loc":{"start":{"line":73,"column":53},"end":{"line":79,"column":5}},"line":73}},"branchMap":{"0":{"loc":{"start":{"line":65,"column":8},"end":{"line":67,"column":9}},"type":"if","locations":[{"start":{"line":65,"column":8},"end":{"line":67,"column":9}},{"start":{"line":65,"column":8},"end":{"line":67,"column":9}}],"line":65},"1":{"loc":{"start":{"line":65,"column":12},"end":{"line":65,"column":39}},"type":"binary-expr","locations":[{"start":{"line":65,"column":12},"end":{"line":65,"column":24}},{"start":{"line":65,"column":28},"end":{"line":65,"column":39}}],"line":65},"2":{"loc":{"start":{"line":68,"column":8},"end":{"line":70,"column":9}},"type":"if","locations":[{"start":{"line":68,"column":8},"end":{"line":70,"column":9}},{"start":{"line":68,"column":8},"end":{"line":70,"column":9}}],"line":68},"3":{"loc":{"start":{"line":74,"column":8},"end":{"line":78,"column":9}},"type":"if","locations":[{"start":{"line":74,"column":8},"end":{"line":78,"column":9}},{"start":{"line":74,"column":8},"end":{"line":78,"column":9}}],"line":74},"4":{"loc":{"start":{"line":75,"column":12},"end":{"line":77,"column":13}},"type":"if","locations":[{"start":{"line":75,"column":12},"end":{"line":77,"column":13}},{"start":{"line":75,"column":12},"end":{"line":77,"column":13}}],"line":75},"5":{"loc":{"start":{"line":83,"column":13},"end":{"line":83,"column":74}},"type":"binary-expr","locations":[{"start":{"line":83,"column":13},"end":{"line":83,"column":18}},{"start":{"line":83,"column":22},"end":{"line":83,"column":74}}],"line":83},"6":{"loc":{"start":{"line":86,"column":48},"end":{"line":86,"column":82}},"type":"cond-expr","locations":[{"start":{"line":86,"column":56},"end":{"line":86,"column":77}},{"start":{"line":86,"column":80},"end":{"line":86,"column":82}}],"line":86},"7":{"loc":{"start":{"line":94,"column":13},"end":{"line":94,"column":76}},"type":"binary-expr","locations":[{"start":{"line":94,"column":13},"end":{"line":94,"column":18}},{"start":{"line":94,"column":22},"end":{"line":94,"column":76}}],"line":94}},"s":{"0":3,"1":1,"2":1,"3":0,"4":1,"5":1,"6":0,"7":0,"8":0,"9":5,"10":3,"11":3},"f":{"0":5,"1":1,"2":0},"b":{"0":[0,1],"1":[1,0],"2":[1,0],"3":[0,0],"4":[0,0],"5":[5,0],"6":[0,5],"7":[5,0]},"_coverageSchema":"1a1c01bbd47fc00a2c39e90264f33305004495a9","hash":"470bf587704739844115ee21735eb3346d4a670f"}
,"/Users/surabhikota/Codes/my-app/src/modules/search/components/SearchInputComponent.tsx": {"path":"/Users/surabhikota/Codes/my-app/src/modules/search/components/SearchInputComponent.tsx","statementMap":{"0":{"start":{"line":12,"column":8},"end":{"line":12,"column":13}},"1":{"start":{"line":14,"column":4},"end":{"line":38,"column":6}},"2":{"start":{"line":20,"column":38},"end":{"line":20,"column":67}},"3":{"start":{"line":29,"column":39},"end":{"line":29,"column":68}}},"fnMap":{"0":{"name":"SearchInputComponent","decl":{"start":{"line":6,"column":24},"end":{"line":6,"column":44}},"loc":{"start":{"line":6,"column":59},"end":{"line":39,"column":1}},"line":6},"1":{"name":"(anonymous_1)","decl":{"start":{"line":20,"column":32},"end":{"line":20,"column":33}},"loc":{"start":{"line":20,"column":38},"end":{"line":20,"column":67}},"line":20},"2":{"name":"(anonymous_2)","decl":{"start":{"line":29,"column":33},"end":{"line":29,"column":34}},"loc":{"start":{"line":29,"column":39},"end":{"line":29,"column":68}},"line":29}},"branchMap":{},"s":{"0":2,"1":2,"2":0,"3":0},"f":{"0":2,"1":0,"2":0},"b":{},"_coverageSchema":"1a1c01bbd47fc00a2c39e90264f33305004495a9","hash":"59751694a80df54e85d4173d922336841b07cc2c"}
,"/Users/surabhikota/Codes/my-app/src/modules/search/components/SearchResultsComponent.tsx": {"path":"/Users/surabhikota/Codes/my-app/src/modules/search/components/SearchResultsComponent.tsx","statementMap":{"0":{"start":{"line":15,"column":8},"end":{"line":15,"column":13}},"1":{"start":{"line":17,"column":33},"end":{"line":17,"column":46}},"2":{"start":{"line":20,"column":8},"end":{"line":31,"column":9}},"3":{"start":{"line":21,"column":12},"end":{"line":30,"column":15}},"4":{"start":{"line":22,"column":16},"end":{"line":29,"column":18}},"5":{"start":{"line":34,"column":4},"end":{"line":57,"column":6}},"6":{"start":{"line":48,"column":81},"end":{"line":48,"column":105}},"7":{"start":{"line":52,"column":77},"end":{"line":52,"column":101}}},"fnMap":{"0":{"name":"SearchResultsComponent","decl":{"start":{"line":8,"column":24},"end":{"line":8,"column":46}},"loc":{"start":{"line":8,"column":61},"end":{"line":58,"column":1}},"line":8},"1":{"name":"getCardsView","decl":{"start":{"line":19,"column":13},"end":{"line":19,"column":25}},"loc":{"start":{"line":19,"column":28},"end":{"line":32,"column":5}},"line":19},"2":{"name":"(anonymous_2)","decl":{"start":{"line":21,"column":31},"end":{"line":21,"column":32}},"loc":{"start":{"line":21,"column":61},"end":{"line":30,"column":13}},"line":21},"3":{"name":"(anonymous_3)","decl":{"start":{"line":48,"column":75},"end":{"line":48,"column":76}},"loc":{"start":{"line":48,"column":81},"end":{"line":48,"column":105}},"line":48},"4":{"name":"(anonymous_4)","decl":{"start":{"line":52,"column":71},"end":{"line":52,"column":72}},"loc":{"start":{"line":52,"column":77},"end":{"line":52,"column":101}},"line":52}},"branchMap":{"0":{"loc":{"start":{"line":20,"column":8},"end":{"line":31,"column":9}},"type":"if","locations":[{"start":{"line":20,"column":8},"end":{"line":31,"column":9}},{"start":{"line":20,"column":8},"end":{"line":31,"column":9}}],"line":20},"1":{"loc":{"start":{"line":38,"column":21},"end":{"line":41,"column":38}},"type":"cond-expr","locations":[{"start":{"line":39,"column":24},"end":{"line":39,"column":42}},{"start":{"line":41,"column":24},"end":{"line":41,"column":38}}],"line":38},"2":{"loc":{"start":{"line":45,"column":13},"end":{"line":54,"column":22}},"type":"binary-expr","locations":[{"start":{"line":45,"column":14},"end":{"line":45,"column":21}},{"start":{"line":45,"column":25},"end":{"line":45,"column":43}},{"start":{"line":46,"column":16},"end":{"line":54,"column":22}}],"line":45},"3":{"loc":{"start":{"line":47,"column":21},"end":{"line":48,"column":109}},"type":"binary-expr","locations":[{"start":{"line":47,"column":21},"end":{"line":47,"column":34}},{"start":{"line":48,"column":24},"end":{"line":48,"column":109}}],"line":47},"4":{"loc":{"start":{"line":51,"column":21},"end":{"line":52,"column":105}},"type":"binary-expr","locations":[{"start":{"line":51,"column":21},"end":{"line":51,"column":43}},{"start":{"line":52,"column":24},"end":{"line":52,"column":105}}],"line":51}},"s":{"0":3,"1":3,"2":2,"3":1,"4":2,"5":3,"6":0,"7":0},"f":{"0":3,"1":2,"2":2,"3":0,"4":0},"b":{"0":[1,1],"1":[1,2],"2":[3,3,1],"3":[1,0],"4":[1,0]},"_coverageSchema":"1a1c01bbd47fc00a2c39e90264f33305004495a9","hash":"83c8d4933f3e348744367285d2c3ecd5cfc2016d"}
,"/Users/surabhikota/Codes/my-app/src/modules/search/metadata/useMetadata.tsx": {"path":"/Users/surabhikota/Codes/my-app/src/modules/search/metadata/useMetadata.tsx","statementMap":{"0":{"start":{"line":2,"column":45},"end":{"line":23,"column":5}},"1":{"start":{"line":25,"column":4},"end":{"line":27,"column":6}}},"fnMap":{"0":{"name":"useMetadata","decl":{"start":{"line":1,"column":24},"end":{"line":1,"column":35}},"loc":{"start":{"line":1,"column":38},"end":{"line":28,"column":1}},"line":1}},"branchMap":{},"s":{"0":3,"1":3},"f":{"0":3},"b":{},"_coverageSchema":"1a1c01bbd47fc00a2c39e90264f33305004495a9","hash":"eea1fd28e4a1fac4457a454a8aaf263df9e7bcfd"}
,"/Users/surabhikota/Codes/my-app/src/modules/search/pages/SearchPage.tsx": {"path":"/Users/surabhikota/Codes/my-app/src/modules/search/pages/SearchPage.tsx","statementMap":{"0":{"start":{"line":11,"column":14},"end":{"line":11,"column":16}},"1":{"start":{"line":16,"column":8},"end":{"line":16,"column":13}},"2":{"start":{"line":18,"column":40},"end":{"line":18,"column":60}},"3":{"start":{"line":19,"column":30},"end":{"line":19,"column":54}},"4":{"start":{"line":20,"column":38},"end":{"line":20,"column":62}},"5":{"start":{"line":21,"column":36},"end":{"line":21,"column":56}},"6":{"start":{"line":22,"column":40},"end":{"line":22,"column":59}},"7":{"start":{"line":24,"column":35},"end":{"line":24,"column":66}},"8":{"start":{"line":27,"column":8},"end":{"line":40,"column":15}},"9":{"start":{"line":29,"column":16},"end":{"line":29,"column":36}},"10":{"start":{"line":30,"column":16},"end":{"line":32,"column":17}},"11":{"start":{"line":31,"column":20},"end":{"line":31,"column":44}},"12":{"start":{"line":34,"column":16},"end":{"line":36,"column":17}},"13":{"start":{"line":35,"column":20},"end":{"line":35,"column":49}},"14":{"start":{"line":39,"column":16},"end":{"line":39,"column":35}},"15":{"start":{"line":44,"column":8},"end":{"line":44,"column":29}},"16":{"start":{"line":48,"column":8},"end":{"line":48,"column":27}},"17":{"start":{"line":49,"column":8},"end":{"line":49,"column":28}},"18":{"start":{"line":50,"column":8},"end":{"line":50,"column":40}},"19":{"start":{"line":54,"column":8},"end":{"line":54,"column":44}},"20":{"start":{"line":58,"column":8},"end":{"line":58,"column":26}},"21":{"start":{"line":59,"column":8},"end":{"line":59,"column":21}},"22":{"start":{"line":63,"column":8},"end":{"line":76,"column":9}},"23":{"start":{"line":65,"column":34},"end":{"line":65,"column":52}},"24":{"start":{"line":66,"column":16},"end":{"line":66,"column":57}},"25":{"start":{"line":67,"column":16},"end":{"line":67,"column":41}},"26":{"start":{"line":68,"column":16},"end":{"line":68,"column":22}},"27":{"start":{"line":70,"column":34},"end":{"line":70,"column":77}},"28":{"start":{"line":71,"column":16},"end":{"line":71,"column":57}},"29":{"start":{"line":72,"column":16},"end":{"line":72,"column":41}},"30":{"start":{"line":73,"column":16},"end":{"line":73,"column":22}},"31":{"start":{"line":75,"column":16},"end":{"line":75,"column":23}},"32":{"start":{"line":79,"column":4},"end":{"line":96,"column":6}}},"fnMap":{"0":{"name":"SearchPage","decl":{"start":{"line":13,"column":9},"end":{"line":13,"column":19}},"loc":{"start":{"line":13,"column":34},"end":{"line":97,"column":1}},"line":13},"1":{"name":"fetchUsers","decl":{"start":{"line":26,"column":13},"end":{"line":26,"column":23}},"loc":{"start":{"line":26,"column":81},"end":{"line":41,"column":5}},"line":26},"2":{"name":"(anonymous_2)","decl":{"start":{"line":28,"column":18},"end":{"line":28,"column":19}},"loc":{"start":{"line":28,"column":31},"end":{"line":37,"column":13}},"line":28},"3":{"name":"(anonymous_3)","decl":{"start":{"line":38,"column":19},"end":{"line":38,"column":20}},"loc":{"start":{"line":38,"column":28},"end":{"line":40,"column":13}},"line":38},"4":{"name":"_handleChange","decl":{"start":{"line":43,"column":13},"end":{"line":43,"column":26}},"loc":{"start":{"line":43,"column":42},"end":{"line":45,"column":5}},"line":43},"5":{"name":"_handleSearhQuery","decl":{"start":{"line":47,"column":13},"end":{"line":47,"column":30}},"loc":{"start":{"line":47,"column":74},"end":{"line":51,"column":5}},"line":47},"6":{"name":"_handleCardClick","decl":{"start":{"line":53,"column":13},"end":{"line":53,"column":29}},"loc":{"start":{"line":53,"column":41},"end":{"line":55,"column":5}},"line":53},"7":{"name":"resetSearch","decl":{"start":{"line":57,"column":13},"end":{"line":57,"column":24}},"loc":{"start":{"line":57,"column":27},"end":{"line":60,"column":5}},"line":57},"8":{"name":"_handlePagination","decl":{"start":{"line":62,"column":13},"end":{"line":62,"column":30}},"loc":{"start":{"line":62,"column":45},"end":{"line":77,"column":5}},"line":62}},"branchMap":{"0":{"loc":{"start":{"line":26,"column":38},"end":{"line":26,"column":60}},"type":"default-arg","locations":[{"start":{"line":26,"column":59},"end":{"line":26,"column":60}}],"line":26},"1":{"loc":{"start":{"line":30,"column":16},"end":{"line":32,"column":17}},"type":"if","locations":[{"start":{"line":30,"column":16},"end":{"line":32,"column":17}},{"start":{"line":30,"column":16},"end":{"line":32,"column":17}}],"line":30},"2":{"loc":{"start":{"line":30,"column":20},"end":{"line":30,"column":44}},"type":"binary-expr","locations":[{"start":{"line":30,"column":20},"end":{"line":30,"column":27}},{"start":{"line":30,"column":31},"end":{"line":30,"column":44}}],"line":30},"3":{"loc":{"start":{"line":34,"column":16},"end":{"line":36,"column":17}},"type":"if","locations":[{"start":{"line":34,"column":16},"end":{"line":36,"column":17}},{"start":{"line":34,"column":16},"end":{"line":36,"column":17}}],"line":34},"4":{"loc":{"start":{"line":47,"column":45},"end":{"line":47,"column":72}},"type":"default-arg","locations":[{"start":{"line":47,"column":62},"end":{"line":47,"column":72}}],"line":47},"5":{"loc":{"start":{"line":63,"column":8},"end":{"line":76,"column":9}},"type":"switch","locations":[{"start":{"line":64,"column":12},"end":{"line":68,"column":22}},{"start":{"line":69,"column":12},"end":{"line":73,"column":22}},{"start":{"line":74,"column":12},"end":{"line":75,"column":23}}],"line":63},"6":{"loc":{"start":{"line":70,"column":34},"end":{"line":70,"column":77}},"type":"cond-expr","locations":[{"start":{"line":70,"column":55},"end":{"line":70,"column":73}},{"start":{"line":70,"column":76},"end":{"line":70,"column":77}}],"line":70},"7":{"loc":{"start":{"line":94,"column":13},"end":{"line":94,"column":74}},"type":"binary-expr","locations":[{"start":{"line":94,"column":13},"end":{"line":94,"column":21}},{"start":{"line":94,"column":25},"end":{"line":94,"column":74}}],"line":94}},"s":{"0":1,"1":1,"2":1,"3":1,"4":1,"5":1,"6":1,"7":1,"8":0,"9":0,"10":0,"11":0,"12":0,"13":0,"14":0,"15":0,"16":0,"17":0,"18":0,"19":0,"20":0,"21":0,"22":0,"23":0,"24":0,"25":0,"26":0,"27":0,"28":0,"29":0,"30":0,"31":0,"32":1},"f":{"0":1,"1":0,"2":0,"3":0,"4":0,"5":0,"6":0,"7":0,"8":0},"b":{"0":[0],"1":[0,0],"2":[0,0],"3":[0,0],"4":[0],"5":[0,0,0],"6":[0,0],"7":[1,0]},"_coverageSchema":"1a1c01bbd47fc00a2c39e90264f33305004495a9","hash":"226a5ddf6a4efa0eb866cfa1596c95f4583bf95f"}
,"/Users/surabhikota/Codes/my-app/src/modules/user/metadata/useMetadata.tsx": {"path":"/Users/surabhikota/Codes/my-app/src/modules/user/metadata/useMetadata.tsx","statementMap":{"0":{"start":{"line":2,"column":50},"end":{"line":43,"column":5}},"1":{"start":{"line":45,"column":4},"end":{"line":47,"column":6}}},"fnMap":{"0":{"name":"useMetadata","decl":{"start":{"line":1,"column":24},"end":{"line":1,"column":35}},"loc":{"start":{"line":1,"column":38},"end":{"line":48,"column":1}},"line":1}},"branchMap":{},"s":{"0":0,"1":0},"f":{"0":0},"b":{},"_coverageSchema":"1a1c01bbd47fc00a2c39e90264f33305004495a9","hash":"d953b0bb55e77e99810385d69e143be18d85d341"}
,"/Users/surabhikota/Codes/my-app/src/modules/user/pages/UserDetailsPage.tsx": {"path":"/Users/surabhikota/Codes/my-app/src/modules/user/pages/UserDetailsPage.tsx","statementMap":{"0":{"start":{"line":15,"column":8},"end":{"line":15,"column":13}},"1":{"start":{"line":17,"column":25},"end":{"line":17,"column":37}},"2":{"start":{"line":18,"column":38},"end":{"line":18,"column":62}},"3":{"start":{"line":19,"column":38},"end":{"line":19,"column":62}},"4":{"start":{"line":20,"column":36},"end":{"line":20,"column":75}},"5":{"start":{"line":22,"column":37},"end":{"line":22,"column":50}},"6":{"start":{"line":24,"column":4},"end":{"line":28,"column":19}},"7":{"start":{"line":25,"column":8},"end":{"line":27,"column":9}},"8":{"start":{"line":26,"column":12},"end":{"line":26,"column":37}},"9":{"start":{"line":31,"column":8},"end":{"line":31,"column":27}},"10":{"start":{"line":32,"column":8},"end":{"line":40,"column":14}},"11":{"start":{"line":34,"column":16},"end":{"line":34,"column":35}},"12":{"start":{"line":35,"column":16},"end":{"line":35,"column":36}},"13":{"start":{"line":38,"column":16},"end":{"line":38,"column":45}},"14":{"start":{"line":39,"column":16},"end":{"line":39,"column":35}},"15":{"start":{"line":44,"column":8},"end":{"line":44,"column":56}},"16":{"start":{"line":48,"column":8},"end":{"line":61,"column":9}},"17":{"start":{"line":49,"column":12},"end":{"line":58,"column":15}},"18":{"start":{"line":50,"column":16},"end":{"line":57,"column":17}},"19":{"start":{"line":60,"column":12},"end":{"line":60,"column":78}},"20":{"start":{"line":64,"column":4},"end":{"line":80,"column":6}}},"fnMap":{"0":{"name":"UserDetailsPage","decl":{"start":{"line":11,"column":9},"end":{"line":11,"column":24}},"loc":{"start":{"line":11,"column":39},"end":{"line":81,"column":1}},"line":11},"1":{"name":"(anonymous_1)","decl":{"start":{"line":24,"column":14},"end":{"line":24,"column":15}},"loc":{"start":{"line":24,"column":20},"end":{"line":28,"column":5}},"line":24},"2":{"name":"getUserDetails","decl":{"start":{"line":30,"column":13},"end":{"line":30,"column":27}},"loc":{"start":{"line":30,"column":46},"end":{"line":41,"column":5}},"line":30},"3":{"name":"(anonymous_3)","decl":{"start":{"line":33,"column":18},"end":{"line":33,"column":19}},"loc":{"start":{"line":33,"column":28},"end":{"line":36,"column":13}},"line":33},"4":{"name":"(anonymous_4)","decl":{"start":{"line":37,"column":19},"end":{"line":37,"column":20}},"loc":{"start":{"line":37,"column":28},"end":{"line":40,"column":13}},"line":37},"5":{"name":"_handleCardClick","decl":{"start":{"line":43,"column":13},"end":{"line":43,"column":29}},"loc":{"start":{"line":43,"column":41},"end":{"line":45,"column":5}},"line":43},"6":{"name":"getCardsView","decl":{"start":{"line":47,"column":13},"end":{"line":47,"column":25}},"loc":{"start":{"line":47,"column":28},"end":{"line":62,"column":5}},"line":47},"7":{"name":"(anonymous_7)","decl":{"start":{"line":49,"column":33},"end":{"line":49,"column":34}},"loc":{"start":{"line":49,"column":67},"end":{"line":58,"column":13}},"line":49}},"branchMap":{"0":{"loc":{"start":{"line":25,"column":8},"end":{"line":27,"column":9}},"type":"if","locations":[{"start":{"line":25,"column":8},"end":{"line":27,"column":9}},{"start":{"line":25,"column":8},"end":{"line":27,"column":9}}],"line":25},"1":{"loc":{"start":{"line":48,"column":8},"end":{"line":61,"column":9}},"type":"if","locations":[{"start":{"line":48,"column":8},"end":{"line":61,"column":9}},{"start":{"line":48,"column":8},"end":{"line":61,"column":9}}],"line":48},"2":{"loc":{"start":{"line":72,"column":17},"end":{"line":74,"column":36}},"type":"cond-expr","locations":[{"start":{"line":73,"column":20},"end":{"line":73,"column":38}},{"start":{"line":74,"column":22},"end":{"line":74,"column":36}}],"line":72},"3":{"loc":{"start":{"line":78,"column":13},"end":{"line":78,"column":74}},"type":"binary-expr","locations":[{"start":{"line":78,"column":13},"end":{"line":78,"column":21}},{"start":{"line":78,"column":25},"end":{"line":78,"column":74}}],"line":78}},"s":{"0":0,"1":0,"2":0,"3":0,"4":0,"5":0,"6":0,"7":0,"8":0,"9":0,"10":0,"11":0,"12":0,"13":0,"14":0,"15":0,"16":0,"17":0,"18":0,"19":0,"20":0},"f":{"0":0,"1":0,"2":0,"3":0,"4":0,"5":0,"6":0,"7":0},"b":{"0":[0,0],"1":[0,0],"2":[0,0],"3":[0,0]},"_coverageSchema":"1a1c01bbd47fc00a2c39e90264f33305004495a9","hash":"c388b0a05bb2f037b947f508d67c337a03468fb2"}
,"/Users/surabhikota/Codes/my-app/src/modules/user/pages/UserRepoDetailsPage.tsx": {"path":"/Users/surabhikota/Codes/my-app/src/modules/user/pages/UserRepoDetailsPage.tsx","statementMap":{"0":{"start":{"line":21,"column":8},"end":{"line":21,"column":13}},"1":{"start":{"line":23,"column":33},"end":{"line":23,"column":45}},"2":{"start":{"line":25,"column":42},"end":{"line":25,"column":94}},"3":{"start":{"line":26,"column":46},"end":{"line":26,"column":66}},"4":{"start":{"line":28,"column":4},"end":{"line":33,"column":27}},"5":{"start":{"line":29,"column":8},"end":{"line":32,"column":9}},"6":{"start":{"line":30,"column":12},"end":{"line":30,"column":45}},"7":{"start":{"line":31,"column":12},"end":{"line":31,"column":44}},"8":{"start":{"line":36,"column":8},"end":{"line":42,"column":15}},"9":{"start":{"line":38,"column":16},"end":{"line":38,"column":37}},"10":{"start":{"line":41,"column":16},"end":{"line":41,"column":45}},"11":{"start":{"line":46,"column":8},"end":{"line":56,"column":15}},"12":{"start":{"line":48,"column":16},"end":{"line":52,"column":17}},"13":{"start":{"line":50,"column":43},"end":{"line":50,"column":61}},"14":{"start":{"line":51,"column":20},"end":{"line":51,"column":53}},"15":{"start":{"line":55,"column":16},"end":{"line":55,"column":45}},"16":{"start":{"line":59,"column":4},"end":{"line":91,"column":6}},"17":{"start":{"line":71,"column":28},"end":{"line":75,"column":29}}},"fnMap":{"0":{"name":"UserRepoDetailsPage","decl":{"start":{"line":18,"column":9},"end":{"line":18,"column":28}},"loc":{"start":{"line":18,"column":43},"end":{"line":92,"column":1}},"line":18},"1":{"name":"(anonymous_1)","decl":{"start":{"line":28,"column":14},"end":{"line":28,"column":15}},"loc":{"start":{"line":28,"column":20},"end":{"line":33,"column":5}},"line":28},"2":{"name":"getRepoDetails","decl":{"start":{"line":35,"column":13},"end":{"line":35,"column":27}},"loc":{"start":{"line":35,"column":62},"end":{"line":43,"column":5}},"line":35},"3":{"name":"(anonymous_3)","decl":{"start":{"line":37,"column":18},"end":{"line":37,"column":19}},"loc":{"start":{"line":37,"column":28},"end":{"line":39,"column":13}},"line":37},"4":{"name":"(anonymous_4)","decl":{"start":{"line":40,"column":19},"end":{"line":40,"column":20}},"loc":{"start":{"line":40,"column":28},"end":{"line":42,"column":13}},"line":40},"5":{"name":"getRepoReadMe","decl":{"start":{"line":45,"column":13},"end":{"line":45,"column":26}},"loc":{"start":{"line":45,"column":61},"end":{"line":57,"column":5}},"line":45},"6":{"name":"(anonymous_6)","decl":{"start":{"line":47,"column":18},"end":{"line":47,"column":19}},"loc":{"start":{"line":47,"column":28},"end":{"line":53,"column":13}},"line":47},"7":{"name":"(anonymous_7)","decl":{"start":{"line":54,"column":19},"end":{"line":54,"column":20}},"loc":{"start":{"line":54,"column":28},"end":{"line":56,"column":13}},"line":54},"8":{"name":"(anonymous_8)","decl":{"start":{"line":70,"column":45},"end":{"line":70,"column":46}},"loc":{"start":{"line":70,"column":75},"end":{"line":76,"column":25}},"line":70}},"branchMap":{"0":{"loc":{"start":{"line":29,"column":8},"end":{"line":32,"column":9}},"type":"if","locations":[{"start":{"line":29,"column":8},"end":{"line":32,"column":9}},{"start":{"line":29,"column":8},"end":{"line":32,"column":9}}],"line":29},"1":{"loc":{"start":{"line":29,"column":12},"end":{"line":29,"column":30}},"type":"binary-expr","locations":[{"start":{"line":29,"column":12},"end":{"line":29,"column":20}},{"start":{"line":29,"column":24},"end":{"line":29,"column":30}}],"line":29},"2":{"loc":{"start":{"line":48,"column":16},"end":{"line":52,"column":17}},"type":"if","locations":[{"start":{"line":48,"column":16},"end":{"line":52,"column":17}},{"start":{"line":48,"column":16},"end":{"line":52,"column":17}}],"line":48},"3":{"loc":{"start":{"line":48,"column":20},"end":{"line":48,"column":40}},"type":"binary-expr","locations":[{"start":{"line":48,"column":20},"end":{"line":48,"column":24}},{"start":{"line":48,"column":28},"end":{"line":48,"column":40}}],"line":48},"4":{"loc":{"start":{"line":69,"column":21},"end":{"line":76,"column":26}},"type":"binary-expr","locations":[{"start":{"line":69,"column":21},"end":{"line":69,"column":32}},{"start":{"line":69,"column":36},"end":{"line":69,"column":52}},{"start":{"line":70,"column":24},"end":{"line":76,"column":26}}],"line":69},"5":{"loc":{"start":{"line":82,"column":16},"end":{"line":88,"column":22}},"type":"binary-expr","locations":[{"start":{"line":82,"column":16},"end":{"line":82,"column":29}},{"start":{"line":83,"column":16},"end":{"line":88,"column":22}}],"line":82}},"s":{"0":0,"1":0,"2":0,"3":0,"4":0,"5":0,"6":0,"7":0,"8":0,"9":0,"10":0,"11":0,"12":0,"13":0,"14":0,"15":0,"16":0,"17":0},"f":{"0":0,"1":0,"2":0,"3":0,"4":0,"5":0,"6":0,"7":0,"8":0},"b":{"0":[0,0],"1":[0,0],"2":[0,0],"3":[0,0],"4":[0,0,0],"5":[0,0]},"_coverageSchema":"1a1c01bbd47fc00a2c39e90264f33305004495a9","hash":"7100e089c5566fc10b7e5ee502a32a6466b02dea"}
,"/Users/surabhikota/Codes/my-app/src/utils/DateUtils.tsx": {"path":"/Users/surabhikota/Codes/my-app/src/utils/DateUtils.tsx","statementMap":{"0":{"start":{"line":2,"column":4},"end":{"line":6,"column":5}},"1":{"start":{"line":3,"column":8},"end":{"line":5,"column":30}},"2":{"start":{"line":7,"column":4},"end":{"line":7,"column":15}}},"fnMap":{"0":{"name":"getFormattedDate","decl":{"start":{"line":1,"column":16},"end":{"line":1,"column":32}},"loc":{"start":{"line":1,"column":47},"end":{"line":8,"column":1}},"line":1}},"branchMap":{"0":{"loc":{"start":{"line":2,"column":4},"end":{"line":6,"column":5}},"type":"if","locations":[{"start":{"line":2,"column":4},"end":{"line":6,"column":5}},{"start":{"line":2,"column":4},"end":{"line":6,"column":5}}],"line":2}},"s":{"0":0,"1":0,"2":0},"f":{"0":0},"b":{"0":[0,0]},"_coverageSchema":"1a1c01bbd47fc00a2c39e90264f33305004495a9","hash":"8732fe636fd3ea239ef68fc809811ab4635a9fa9"}
,"/Users/surabhikota/Codes/my-app/src/utils/FetchUtils.tsx": {"path":"/Users/surabhikota/Codes/my-app/src/utils/FetchUtils.tsx","statementMap":{"0":{"start":{"line":2,"column":4},"end":{"line":14,"column":11}},"1":{"start":{"line":8,"column":12},"end":{"line":10,"column":13}},"2":{"start":{"line":9,"column":16},"end":{"line":9,"column":39}},"3":{"start":{"line":13,"column":12},"end":{"line":13,"column":21}}},"fnMap":{"0":{"name":"apiFetch","decl":{"start":{"line":1,"column":16},"end":{"line":1,"column":24}},"loc":{"start":{"line":1,"column":65},"end":{"line":15,"column":1}},"line":1},"1":{"name":"(anonymous_1)","decl":{"start":{"line":7,"column":14},"end":{"line":7,"column":15}},"loc":{"start":{"line":7,"column":28},"end":{"line":11,"column":9}},"line":7},"2":{"name":"(anonymous_2)","decl":{"start":{"line":12,"column":15},"end":{"line":12,"column":16}},"loc":{"start":{"line":12,"column":20},"end":{"line":14,"column":9}},"line":12}},"branchMap":{"0":{"loc":{"start":{"line":8,"column":12},"end":{"line":10,"column":13}},"type":"if","locations":[{"start":{"line":8,"column":12},"end":{"line":10,"column":13}},{"start":{"line":8,"column":12},"end":{"line":10,"column":13}}],"line":8}},"s":{"0":0,"1":0,"2":0,"3":0},"f":{"0":0,"1":0,"2":0},"b":{"0":[0,0]},"_coverageSchema":"1a1c01bbd47fc00a2c39e90264f33305004495a9","hash":"417d7680f89ba7e0316d9a81822aa81b6a073e12"}
,"/Users/surabhikota/Codes/my-app/src/utils/HookUtils.tsx": {"path":"/Users/surabhikota/Codes/my-app/src/utils/HookUtils.tsx","statementMap":{"0":{"start":{"line":5,"column":48},"end":{"line":5,"column":71}},"1":{"start":{"line":7,"column":4},"end":{"line":22,"column":6}},"2":{"start":{"line":10,"column":28},"end":{"line":12,"column":21}},"3":{"start":{"line":11,"column":16},"end":{"line":11,"column":41}},"4":{"start":{"line":17,"column":12},"end":{"line":19,"column":14}},"5":{"start":{"line":18,"column":16},"end":{"line":18,"column":38}},"6":{"start":{"line":24,"column":4},"end":{"line":24,"column":26}}},"fnMap":{"0":{"name":"useDebounce","decl":{"start":{"line":3,"column":16},"end":{"line":3,"column":27}},"loc":{"start":{"line":3,"column":58},"end":{"line":25,"column":1}},"line":3},"1":{"name":"(anonymous_1)","decl":{"start":{"line":8,"column":8},"end":{"line":8,"column":9}},"loc":{"start":{"line":8,"column":14},"end":{"line":20,"column":9}},"line":8},"2":{"name":"(anonymous_2)","decl":{"start":{"line":10,"column":39},"end":{"line":10,"column":40}},"loc":{"start":{"line":10,"column":45},"end":{"line":12,"column":13}},"line":10},"3":{"name":"(anonymous_3)","decl":{"start":{"line":17,"column":19},"end":{"line":17,"column":20}},"loc":{"start":{"line":17,"column":25},"end":{"line":19,"column":13}},"line":17}},"branchMap":{},"s":{"0":0,"1":0,"2":0,"3":0,"4":0,"5":0,"6":0},"f":{"0":0,"1":0,"2":0,"3":0},"b":{}}
,"/Users/surabhikota/Codes/my-app/src/utils/hooks/usePrevious.tsx": {"path":"/Users/surabhikota/Codes/my-app/src/utils/hooks/usePrevious.tsx","statementMap":{"0":{"start":{"line":6,"column":21},"end":{"line":6,"column":32}},"1":{"start":{"line":8,"column":4},"end":{"line":10,"column":16}},"2":{"start":{"line":9,"column":8},"end":{"line":9,"column":28}},"3":{"start":{"line":12,"column":4},"end":{"line":12,"column":23}}},"fnMap":{"0":{"name":"usePrevious","decl":{"start":{"line":3,"column":24},"end":{"line":3,"column":35}},"loc":{"start":{"line":3,"column":52},"end":{"line":13,"column":1}},"line":3},"1":{"name":"(anonymous_1)","decl":{"start":{"line":8,"column":14},"end":{"line":8,"column":15}},"loc":{"start":{"line":8,"column":20},"end":{"line":10,"column":5}},"line":8}},"branchMap":{},"s":{"0":1,"1":1,"2":1,"3":1},"f":{"0":1,"1":1},"b":{},"_coverageSchema":"1a1c01bbd47fc00a2c39e90264f33305004495a9","hash":"bf790b118dd286adb19b6f3f626bab0836163047"}
}
